[debug] [2019-05-21T12:24:27.580Z] ----------------------------------------------------------------------
[debug] [2019-05-21T12:24:27.583Z] Command:       C:\Program Files\nodejs\node.exe C:\Users\m1037550\AppData\Roaming\npm\node_modules\firebase-tools\lib\bin\firebase.js init
[debug] [2019-05-21T12:24:27.583Z] CLI Version:   6.10.0
[debug] [2019-05-21T12:24:27.583Z] Platform:      win32
[debug] [2019-05-21T12:24:27.583Z] Node Version:  v10.15.3
[debug] [2019-05-21T12:24:27.585Z] Time:          Tue May 21 2019 17:54:27 GMT+0530 (India Standard Time)
[debug] [2019-05-21T12:24:27.585Z] ----------------------------------------------------------------------
[debug] 
[debug] [2019-05-21T12:24:27.595Z] > command requires scopes: ["email","openid","https://www.googleapis.com/auth/cloudplatformprojects.readonly","https://www.googleapis.com/auth/firebase","https://www.googleapis.com/auth/cloud-platform"]
[debug] [2019-05-21T12:24:27.595Z] > authorizing via signed-in user
[info] 
     ######## #### ########  ######## ########     ###     ######  ########
     ##        ##  ##     ## ##       ##     ##  ##   ##  ##       ##
     ######    ##  ########  ######   ########  #########  ######  ######
     ##        ##  ##    ##  ##       ##     ## ##     ##       ## ##
     ##       #### ##     ## ######## ########  ##     ##  ######  ########

You're about to initialize a Firebase project in this directory:

  C:\301\Codebase\yoyo

Before we get started, keep in mind:

  * You are currently outside your home directory
  * You are initializing in an existing Firebase project directory

[info] 
=== Project Setup
[info] 
[info] First, let's associate this project directory with a Firebase project.
[info] You can create multiple project aliases by running firebase use --add, 
[info] but for now we'll just set up a default project.
[info] 
[info] i  .firebaserc already has a default project, skipping
[info] 
=== Hosting Setup
[info] 
[info] Your public directory is the folder (relative to your project directory) that
[info] will contain Hosting assets to be uploaded with firebase deploy. If you
[info] have a build process for your assets, use your build's output directory.
[info] 
[debug] [2019-05-21T12:25:03.438Z] >>> HTTP REQUEST GET https://www.gstatic.com/firebasejs/releases.json  
 
[debug] [2019-05-21T12:25:45.583Z] Error: connect ETIMEDOUT 216.58.196.163:443
    at TCPConnectWrap.afterConnect [as oncomplete] (net.js:1097:14)
[error] 
[error] Error: Server Error. connect ETIMEDOUT 216.58.196.163:443
